<?xml version="1.0" encoding="UTF-8"?>
<!-- Generated by org.testng.reporters.JUnitXMLReporter -->
<testsuite hostname="DESKTOP-OGH198O" ignored="0" name="Assignment1" tests="3" failures="0" timestamp="2019-12-03T02:53:17 CST" time="69.037" errors="0">
  <testcase name="profileDetailsTest" time="12.286" classname="com.training.assignment1.tests.UpdateProfileDetailsTest"/>
  <testcase name="loginAndChangePwdTest" time="11.596" classname="com.training.assignment1.tests.ChangePasswordTest"/>
  <testcase name="logoutTest" time="9.91" classname="com.training.assignment1.tests.LogoutTest"/>
</testsuite> <!-- Assignment1 -->
