<?xml version="1.0" encoding="UTF-8"?>
<!-- Generated by org.testng.reporters.JUnitXMLReporter -->
<testsuite hostname="DESKTOP-OGH198O" ignored="0" name="Assignment2" tests="3" failures="0" timestamp="2019-12-03T02:54:50 CST" time="92.696" errors="0">
  <testcase name="profileDetailsTest" time="19.438" classname="com.training.assignment2.tests.AddPropertyDetails_RETC_043"/>
  <testcase name="profileDetailsTest" time="23.146" classname="com.training.assignment2.tests.CreatePropertyDetails_RETC_44"/>
  <testcase name="profileDetailsTest" time="19.414" classname="com.training.assignment2.tests.CreatePropertyDetailsByFeatures_Regions_RETC_46"/>
</testsuite> <!-- Assignment2 -->
