<?xml version="1.0" encoding="UTF-8"?>
<testng-results skipped="0" failed="0" ignored="0" total="1" passed="1">
  <reporter-output>
  </reporter-output>
  <suite name="Default suite" duration-ms="27680" started-at="2019-11-27T09:19:32 CST" finished-at="2019-11-27T09:20:00 CST">
    <groups>
    </groups>
    <test name="Default test" duration-ms="27680" started-at="2019-11-27T09:19:32 CST" finished-at="2019-11-27T09:20:00 CST">
      <class name="com.training.assignment1.tests.LogoutTest">
        <test-method status="PASS" signature="setUpBeforeClass()[pri:0, instance:com.training.assignment1.tests.LogoutTest@4e7dc304]" name="setUpBeforeClass" is-config="true" duration-ms="13" started-at="2019-11-27T09:19:32 CST" finished-at="2019-11-27T09:19:32 CST">
          <reporter-output>
          </reporter-output>
        </test-method> <!-- setUpBeforeClass -->
        <test-method status="PASS" signature="setUp()[pri:0, instance:com.training.assignment1.tests.LogoutTest@4e7dc304]" name="setUp" is-config="true" duration-ms="16540" started-at="2019-11-27T09:19:32 CST" finished-at="2019-11-27T09:19:49 CST">
          <reporter-output>
          </reporter-output>
        </test-method> <!-- setUp -->
        <test-method status="PASS" signature="logoutTest()[pri:0, instance:com.training.assignment1.tests.LogoutTest@4e7dc304]" name="logoutTest" duration-ms="10075" started-at="2019-11-27T09:19:49 CST" finished-at="2019-11-27T09:19:59 CST">
          <reporter-output>
          </reporter-output>
        </test-method> <!-- logoutTest -->
        <test-method status="PASS" signature="tearDown()[pri:0, instance:com.training.assignment1.tests.LogoutTest@4e7dc304]" name="tearDown" is-config="true" duration-ms="1000" started-at="2019-11-27T09:19:59 CST" finished-at="2019-11-27T09:20:00 CST">
          <reporter-output>
          </reporter-output>
        </test-method> <!-- tearDown -->
      </class> <!-- com.training.assignment1.tests.LogoutTest -->
    </test> <!-- Default test -->
  </suite> <!-- Default suite -->
</testng-results>
