<?xml version="1.0" encoding="UTF-8"?>
<!-- Generated by org.testng.reporters.JUnitXMLReporter -->
<testsuite hostname="DESKTOP-49MSHNM" ignored="0" name="Sample test" tests="3" failures="0" timestamp="2019-11-25T22:55:08 CST" time="86.191" errors="0">
  <testcase name="profileDetailsTest" time="10.071" classname="com.training.assignment1stWeek.tests.UpdateProfileDetailsTest"/>
  <testcase name="loginAndChangePwdTest" time="8.937" classname="com.training.assignment1stWeek.tests.ChangePasswordTest"/>
  <testcase name="logoutTest" time="7.927" classname="com.training.assignment1stWeek.tests.LogoutTest"/>
</testsuite> <!-- Sample test -->
