<?xml version="1.0" encoding="UTF-8"?>
<!-- Generated by org.testng.reporters.JUnitXMLReporter -->
<testsuite hostname="DESKTOP-49MSHNM" ignored="0" name="Sample test" tests="3" failures="0" timestamp="2019-11-27T09:28:12 CST" time="94.006" errors="0">
  <testcase name="profileDetailsTest" time="13.051" classname="com.training.assignment1.tests.UpdateProfileDetailsTest"/>
  <testcase name="loginAndChangePwdTest" time="12.044" classname="com.training.assignment1.tests.ChangePasswordTest"/>
  <testcase name="logoutTest" time="11.344" classname="com.training.assignment1.tests.LogoutTest"/>
</testsuite> <!-- Sample test -->
